<?xml version="1.0" encoding="UTF-8"?>
<!-- Generated by org.testng.reporters.JUnitXMLReporter -->
<testsuite ignored="0" hostname="Manikanta" failures="0" tests="3" name="Default test" time="59.357" errors="0" timestamp="2026-08-12T00:29:41 IST">
  <testcase classname="valueLabs.com.TCAIDDAT" name="testAIDChat" time="11.773"/>
  <testcase classname="valueLabs.com.TCAIDDAT" name="testAIDChat" time="9.694"/>
  <testcase classname="valueLabs.com.TCAIDDAT" name="testAIDChat" time="13.982"/>
</testsuite> <!-- Default test -->
