<?xml version="1.0" encoding="UTF-8"?>
<!-- Generated by org.testng.reporters.JUnitXMLReporter -->
<testsuite ignored="0" hostname="Manikanta" failures="0" tests="5" name="Default test" time="89.032" errors="0" timestamp="2026-02-04T15:18:57 IST">
  <testcase classname="demonocommers.com.LoginTest" name="loginTest" time="0.534"/>
  <testcase classname="demonocommers.com.LoginTest" name="loginTest" time="0.517"/>
  <testcase classname="demonocommers.com.LoginTest" name="loginTest" time="0.512"/>
  <testcase classname="demonocommers.com.LoginTest" name="loginTest" time="0.562"/>
  <testcase classname="demonocommers.com.LoginTest" name="loginTest" time="0.563"/>
</testsuite> <!-- Default test -->
