<?xml version="1.0" encoding="UTF-8"?>
<!-- Generated by org.testng.reporters.JUnitXMLReporter -->
<testsuite ignored="0" hostname="Manikanta" failures="0" tests="3" name="chrome test" time="10.651" errors="0" timestamp="2026-01-29T11:06:54 IST">
  <testcase classname="dataprovider01.Brodatavalidation" name="appLogo" time="1.071"/>
  <testcase classname="dataprovider01.Brodatavalidation" name="getTitle" time="0.007"/>
  <testcase classname="dataprovider01.Brodatavalidation" name="getUrl" time="0.012"/>
</testsuite> <!-- chrome test -->
