<?xml version="1.0" encoding="UTF-8"?>
<!-- Generated by org.testng.reporters.JUnitXMLReporter -->
<testsuite ignored="0" hostname="Manikanta" failures="0" tests="3" name="edgetest" time="10.764" errors="0" timestamp="2026-01-29T11:06:54 IST">
  <testcase classname="dataprovider01.Brodatavalidation" name="appLogo" time="1.064"/>
  <testcase classname="dataprovider01.Brodatavalidation" name="getTitle" time="0.016"/>
  <testcase classname="dataprovider01.Brodatavalidation" name="getUrl" time="0.008"/>
</testsuite> <!-- edgetest -->
