<?xml version="1.0" encoding="UTF-8"?>
<!-- Generated by org.testng.reporters.JUnitXMLReporter -->
<testsuite ignored="6" hostname="Manikanta" failures="0" tests="3" name="GrouoTest" time="0.073" errors="0" timestamp="2026-02-11T11:55:28 IST">
  <testcase classname="qaJava.GroupingValues" name="logInBytwitter" time="0.009"/>
  <testcase classname="qaJava.GroupingValues" name="logInEmail" time="0.003"/>
  <testcase classname="qaJava.GroupingValues" name="logInByFaceBook" time="0.002"/>
  <testcase classname="qaJava.PayMent" name="paymentUpByEmails" time="0.0">
    <ignored/>
  </testcase> <!-- paymentUpByEmails -->
  <testcase classname="qaJava.SignUp" name="signUpByTwitter" time="0.0">
    <ignored/>
  </testcase> <!-- signUpByTwitter -->
  <testcase classname="qaJava.SignUp" name="signUpByfacbook" time="0.0">
    <ignored/>
  </testcase> <!-- signUpByfacbook -->
  <testcase classname="qaJava.PayMent" name="paymentUpByfacbook" time="0.0">
    <ignored/>
  </testcase> <!-- paymentUpByfacbook -->
  <testcase classname="qaJava.PayMent" name="paymentUpByTwitter" time="0.0">
    <ignored/>
  </testcase> <!-- paymentUpByTwitter -->
  <testcase classname="qaJava.SignUp" name="signUpByEmails" time="0.0">
    <ignored/>
  </testcase> <!-- signUpByEmails -->
</testsuite> <!-- GrouoTest -->
