<?xml version="1.0" encoding="UTF-8"?>
<!-- Generated by org.testng.reporters.JUnitXMLReporter -->
<testsuite ignored="6" hostname="Manikanta" failures="0" tests="3" name="GrouoTest" time="0.052" errors="0" timestamp="2026-01-28T14:14:29 IST">
  <testcase classname="qaJava.GroupingValues" name="logInBytwitter" time="0.006"/>
  <testcase classname="qaJava.GroupingValues" name="logInEmail" time="0.001"/>
  <testcase classname="qaJava.GroupingValues" name="logInByFaceBook" time="0.001"/>
  <testcase classname="qaJava.SignUp" name="signUpByfacbook" time="0.0">
    <ignored/>
  </testcase> <!-- signUpByfacbook -->
  <testcase classname="qaJava.PayMent" name="paymentUpByEmails" time="0.0">
    <ignored/>
  </testcase> <!-- paymentUpByEmails -->
  <testcase classname="qaJava.SignUp" name="signUpByEmails" time="0.0">
    <ignored/>
  </testcase> <!-- signUpByEmails -->
  <testcase classname="qaJava.PayMent" name="paymentUpByTwitter" time="0.0">
    <ignored/>
  </testcase> <!-- paymentUpByTwitter -->
  <testcase classname="qaJava.PayMent" name="paymentUpByfacbook" time="0.0">
    <ignored/>
  </testcase> <!-- paymentUpByfacbook -->
  <testcase classname="qaJava.SignUp" name="signUpByTwitter" time="0.0">
    <ignored/>
  </testcase> <!-- signUpByTwitter -->
</testsuite> <!-- GrouoTest -->
