<?xml version="1.0" encoding="UTF-8"?>
<testng-results ignored="0" total="4" passed="4" failed="0" skipped="0">
  <reporter-output>
  </reporter-output>
  <suite started-at="2026-02-19T12:50:39 IST" name="Default suite" finished-at="2026-02-19T12:51:16 IST" duration-ms="37230">
    <groups>
    </groups>
    <test started-at="2026-02-19T12:50:39 IST" name="Default test" finished-at="2026-02-19T12:51:16 IST" duration-ms="37230">
      <class name="testautomationPractice.Tabledata">
        <test-method is-config="true" signature="LaunchPage()[pri:0, instance:testautomationPractice.Tabledata@38425407]" started-at="2026-02-19T12:50:39 IST" name="LaunchPage" finished-at="2026-02-19T12:50:47 IST" duration-ms="7852" status="PASS">
          <reporter-output>
          </reporter-output>
        </test-method> <!-- LaunchPage -->
        <test-method signature="tableData()[pri:1, instance:testautomationPractice.Tabledata@38425407]" started-at="2026-02-19T12:50:47 IST" name="tableData" finished-at="2026-02-19T12:50:47 IST" duration-ms="50" status="PASS">
          <reporter-output>
          </reporter-output>
        </test-method> <!-- tableData -->
        <test-method signature="tableRow()[pri:2, instance:testautomationPractice.Tabledata@38425407]" started-at="2026-02-19T12:50:47 IST" name="tableRow" finished-at="2026-02-19T12:50:47 IST" duration-ms="36" status="PASS">
          <reporter-output>
          </reporter-output>
        </test-method> <!-- tableRow -->
        <test-method signature="tableHead()[pri:3, instance:testautomationPractice.Tabledata@38425407]" started-at="2026-02-19T12:50:47 IST" name="tableHead" finished-at="2026-02-19T12:50:55 IST" duration-ms="8170" status="PASS">
          <reporter-output>
          </reporter-output>
        </test-method> <!-- tableHead -->
        <test-method signature="selectBox()[pri:4, instance:testautomationPractice.Tabledata@38425407]" started-at="2026-02-19T12:50:55 IST" name="selectBox" finished-at="2026-02-19T12:51:16 IST" duration-ms="20790" status="PASS">
          <reporter-output>
          </reporter-output>
        </test-method> <!-- selectBox -->
        <test-method is-config="true" signature="tearDown()[pri:0, instance:testautomationPractice.Tabledata@38425407]" started-at="2026-02-19T12:51:16 IST" name="tearDown" finished-at="2026-02-19T12:51:16 IST" duration-ms="267" status="PASS">
          <reporter-output>
          </reporter-output>
        </test-method> <!-- tearDown -->
      </class> <!-- testautomationPractice.Tabledata -->
    </test> <!-- Default test -->
  </suite> <!-- Default suite -->
</testng-results>
