<?xml version="1.0" encoding="UTF-8"?>
<!-- Generated by org.testng.reporters.JUnitReportReporter -->
<testsuite hostname="Manikanta" failures="0" tests="3" name="valueLabs.com.TCAIDDAT" time="59.313" errors="0" timestamp="2026-08-12T00:29:41 IST" skipped="0">
  <testcase classname="valueLabs.com.TCAIDDAT" name="testAIDChat" time="17.158"/>
  <testcase classname="valueLabs.com.TCAIDDAT" name="testAIDChat" time="22.752"/>
  <testcase classname="valueLabs.com.TCAIDDAT" name="testAIDChat" time="19.403"/>
</testsuite> <!-- valueLabs.com.TCAIDDAT -->
