<?xml version="1.0" encoding="UTF-8"?>
<!-- Generated by org.testng.reporters.JUnitReportReporter -->
<testsuite hostname="Manikanta" failures="0" tests="3" name="qaJava.GroupingValues" time="0.014" errors="0" timestamp="2026-02-11T11:55:28 IST" skipped="0">
  <testcase classname="qaJava.GroupingValues" name="logInBytwitter" time="0.009"/>
  <testcase classname="qaJava.GroupingValues" name="logInEmail" time="0.003"/>
  <testcase classname="qaJava.GroupingValues" name="logInByFaceBook" time="0.002"/>
</testsuite> <!-- qaJava.GroupingValues -->
