<?xml version="1.0" encoding="UTF-8"?>
<!-- Generated by org.testng.reporters.JUnitReportReporter -->
<testsuite hostname="Manikanta" failures="0" tests="2" name="testautomationPractice.LaunchBrowserwithTrycatch" time="10.127" errors="0" timestamp="2026-02-17T11:50:40 IST" skipped="0">
  <testcase classname="testautomationPractice.LaunchBrowserwithTrycatch" name="test1" time="2.399"/>
  <testcase classname="testautomationPractice.LaunchBrowserwithTrycatch" name="openInsta" time="7.728"/>
</testsuite> <!-- testautomationPractice.LaunchBrowserwithTrycatch -->
