<?xml version="1.0" encoding="UTF-8"?>
<!-- Generated by org.testng.reporters.JUnitReportReporter -->
<testsuite hostname="Manikanta" failures="0" tests="3" name="openweb.WindowHandlessTest" time="31.812" errors="0" timestamp="2026-07-25T18:29:43 IST" skipped="0">
  <testcase classname="openweb.WindowHandlessTest" name="OpenNewtab" time="11.164"/>
  <testcase classname="openweb.WindowHandlessTest" name="OpenNewtabData" time="9.858"/>
  <testcase classname="openweb.WindowHandlessTest" name="OpenWindowPopup" time="10.790"/>
</testsuite> <!-- openweb.WindowHandlessTest -->
