<?xml version="1.0" encoding="UTF-8"?>
<!-- Generated by org.testng.reporters.JUnitReportReporter -->
<testsuite hostname="Manikanta" failures="0" tests="5" name="testautomationPractice.Demo01" time="7.778" errors="0" timestamp="2026-02-11T11:57:01 IST" skipped="0">
  <testcase classname="testautomationPractice.Demo01" name="testOpenPageTitle" time="0.019"/>
  <testcase classname="testautomationPractice.Demo01" name="verifyUrl" time="0.029"/>
  <testcase classname="testautomationPractice.Demo01" name="textElement" time="0.059"/>
  <testcase classname="testautomationPractice.Demo01" name="SerachFunction" time="7.562"/>
  <testcase classname="testautomationPractice.Demo01" name="VerifyClick" time="0.109"/>
</testsuite> <!-- testautomationPractice.Demo01 -->
