<?xml version="1.0" encoding="UTF-8"?>
<!-- Generated by org.testng.reporters.JUnitReportReporter -->
<testsuite hostname="Manikanta" failures="0" tests="3" name="qaJava.GroupingValues" time="0.008" errors="0" timestamp="2026-01-28T14:14:29 IST" skipped="0">
  <testcase classname="qaJava.GroupingValues" name="logInEmail" time="0.001"/>
  <testcase classname="qaJava.GroupingValues" name="logInBytwitter" time="0.006"/>
  <testcase classname="qaJava.GroupingValues" name="logInByFaceBook" time="0.001"/>
</testsuite> <!-- qaJava.GroupingValues -->
