<?xml version="1.0" encoding="UTF-8"?>
<!-- Generated by org.testng.reporters.JUnitReportReporter -->
<testsuite hostname="Manikanta" failures="0" tests="4" name="testautomationPractice.PopUphandling" time="0.798" errors="0" timestamp="2026-09-13T10:01:34 IST" skipped="0">
  <testcase classname="testautomationPractice.PopUphandling" name="alertPopuphandling" time="0.339"/>
  <testcase classname="testautomationPractice.PopUphandling" name="popuphandlingConfirm" time="0.160"/>
  <testcase classname="testautomationPractice.PopUphandling" name="popuphandlingCancle" time="0.113"/>
  <testcase classname="testautomationPractice.PopUphandling" name="popuphandlingText" time="0.186"/>
</testsuite> <!-- testautomationPractice.PopUphandling -->
