<?xml version="1.0" encoding="UTF-8"?>
<!-- Generated by org.testng.reporters.JUnitReportReporter -->
<testsuite hostname="Manikanta" failures="0" tests="7" name="testkru.com.RadioButtonTest" time="19.483" errors="0" timestamp="2026-08-12T00:51:00 IST" skipped="0">
  <testcase classname="testkru.com.RadioButtonTest" name="singleRadioButton" time="1.834"/>
  <testcase classname="testkru.com.RadioButtonTest" name="radioButton" time="3.306"/>
  <testcase classname="testkru.com.RadioButtonTest" name="singleRadio" time="4.540"/>
  <testcase classname="testkru.com.RadioButtonTest" name="singleRadio1" time="2.472"/>
  <testcase classname="testkru.com.RadioButtonTest" name="singleRadio2" time="2.708"/>
  <testcase classname="testkru.com.RadioButtonTest" name="multiradioSelection" time="2.211"/>
  <testcase classname="testkru.com.RadioButtonTest" name="multiradioSelect" time="2.412"/>
</testsuite> <!-- testkru.com.RadioButtonTest -->
