<?xml version="1.0" encoding="UTF-8"?>
<!-- Generated by org.testng.reporters.JUnitReportReporter -->
<testsuite hostname="Manikanta" failures="0" tests="3" name="openweb.WindowHandlessTest" time="33.802" errors="0" timestamp="2026-01-26T21:58:03 IST" skipped="0">
  <testcase classname="openweb.WindowHandlessTest" name="OpenNewtab" time="10.950"/>
  <testcase classname="openweb.WindowHandlessTest" name="OpenNewtabData" time="11.763"/>
  <testcase classname="openweb.WindowHandlessTest" name="OpenWindowPopup" time="11.089"/>
</testsuite> <!-- openweb.WindowHandlessTest -->
