<?xml version="1.0" encoding="UTF-8"?>
<!-- Generated by org.testng.reporters.JUnitReportReporter -->
<testsuite hostname="Manikanta" failures="0" tests="5" name="dataprovider01.DataProvide" time="18.269" errors="0" timestamp="2026-01-29T09:44:56 IST" skipped="0">
  <testcase classname="dataprovider01.DataProvide" name="LoginPage" time="3.150"/>
  <testcase classname="dataprovider01.DataProvide" name="LoginPage" time="3.137"/>
  <testcase classname="dataprovider01.DataProvide" name="LoginPage" time="3.168"/>
  <testcase classname="dataprovider01.DataProvide" name="LoginPage" time="3.146"/>
  <testcase classname="dataprovider01.DataProvide" name="LoginPage" time="5.668"/>
</testsuite> <!-- dataprovider01.DataProvide -->
