<?xml version="1.0" encoding="UTF-8"?>
<!-- Generated by org.testng.reporters.JUnitReportReporter -->
<testsuite hostname="Manikanta" failures="0" tests="5" name="demonocommers.com.LoginTest" time="88.416" errors="0" timestamp="2026-02-04T15:18:57 IST" skipped="0">
  <testcase classname="demonocommers.com.LoginTest" name="loginTest" time="9.735"/>
  <testcase classname="demonocommers.com.LoginTest" name="loginTest" time="9.179"/>
  <testcase classname="demonocommers.com.LoginTest" name="loginTest" time="53.282"/>
  <testcase classname="demonocommers.com.LoginTest" name="loginTest" time="7.025"/>
  <testcase classname="demonocommers.com.LoginTest" name="loginTest" time="9.195"/>
</testsuite> <!-- demonocommers.com.LoginTest -->
