<?xml version="1.0" encoding="UTF-8"?>
<!-- Generated by org.testng.reporters.JUnitReportReporter -->
<testsuite hostname="Manikanta" failures="0" tests="3" name="valueLabs.com.FIndLinksinPage" time="34.761" errors="0" timestamp="2026-07-09T15:15:17 IST" skipped="0">
  <testcase classname="valueLabs.com.FIndLinksinPage" name="webLinks" time="17.433"/>
  <testcase classname="valueLabs.com.FIndLinksinPage" name="webLinksNames" time="8.788"/>
  <testcase classname="valueLabs.com.FIndLinksinPage" name="pageLinkTest" time="8.540"/>
</testsuite> <!-- valueLabs.com.FIndLinksinPage -->
