<?xml version="1.0" encoding="UTF-8"?>
<!-- Generated by org.testng.reporters.JUnitReportReporter -->
<testsuite hostname="Manikanta" failures="0" tests="3" name="qaJava.SignUp" time="0.014" errors="0" timestamp="2026-01-28T14:12:22 IST" skipped="0">
  <testcase classname="qaJava.SignUp" name="signUpByEmails" time="0.004"/>
  <testcase classname="qaJava.SignUp" name="signUpByTwitter" time="0.007"/>
  <testcase classname="qaJava.SignUp" name="signUpByfacbook" time="0.003"/>
</testsuite> <!-- qaJava.SignUp -->
