<?xml version="1.0" encoding="UTF-8"?>
<!-- Generated by org.testng.reporters.JUnitReportReporter -->
<testsuite hostname="Manikanta" failures="0" tests="5" name="testautomationPractice.Demo01" time="6.655" errors="0" timestamp="2026-02-03T00:22:10 IST" skipped="0">
  <testcase classname="testautomationPractice.Demo01" name="testOpenPageTitle" time="0.015"/>
  <testcase classname="testautomationPractice.Demo01" name="verifyUrl" time="0.009"/>
  <testcase classname="testautomationPractice.Demo01" name="textElement" time="0.098"/>
  <testcase classname="testautomationPractice.Demo01" name="SerachFunction" time="6.422"/>
  <testcase classname="testautomationPractice.Demo01" name="VerifyClick" time="0.111"/>
</testsuite> <!-- testautomationPractice.Demo01 -->
