<?xml version="1.0" encoding="UTF-8"?>
<!-- Generated by org.testng.reporters.JUnitReportReporter -->
<testsuite hostname="Manikanta" failures="0" tests="3" name="testautomationPractice.PopUphandling" time="3.981" errors="0" timestamp="2026-02-03T11:35:29 IST" skipped="0">
  <testcase classname="testautomationPractice.PopUphandling" name="popuphandling" time="1.330"/>
  <testcase classname="testautomationPractice.PopUphandling" name="popuphandlingConfirm" time="1.265"/>
  <testcase classname="testautomationPractice.PopUphandling" name="popuphandlingText" time="1.386"/>
</testsuite> <!-- testautomationPractice.PopUphandling -->
