<?xml version="1.0" encoding="UTF-8"?>
<!-- Generated by org.testng.reporters.JUnitReportReporter -->
<testsuite hostname="Manikanta" failures="0" tests="6" name="dataprovider01.Brodatavalidation" time="2.178" errors="0" timestamp="2026-01-29T11:06:54 IST" skipped="0">
  <testcase classname="dataprovider01.Brodatavalidation" name="appLogo" time="1.071"/>
  <testcase classname="dataprovider01.Brodatavalidation" name="appLogo" time="1.064"/>
  <testcase classname="dataprovider01.Brodatavalidation" name="getTitle" time="0.016"/>
  <testcase classname="dataprovider01.Brodatavalidation" name="getTitle" time="0.007"/>
  <testcase classname="dataprovider01.Brodatavalidation" name="getUrl" time="0.012"/>
  <testcase classname="dataprovider01.Brodatavalidation" name="getUrl" time="0.008"/>
</testsuite> <!-- dataprovider01.Brodatavalidation -->
