<?xml version="1.0" encoding="UTF-8"?>
<!-- Generated by org.testng.reporters.JUnitReportReporter -->
<testsuite hostname="Manikanta" failures="0" tests="3" name="valueLabs.com.FIndLinksinPage" time="49.852" errors="0" timestamp="2026-09-15T11:09:23 IST" skipped="0">
  <testcase classname="valueLabs.com.FIndLinksinPage" name="webLinks" time="16.274"/>
  <testcase classname="valueLabs.com.FIndLinksinPage" name="webLinksNames" time="18.279"/>
  <testcase classname="valueLabs.com.FIndLinksinPage" name="pageLinkTest" time="15.299"/>
</testsuite> <!-- valueLabs.com.FIndLinksinPage -->
