<?xml version="1.0" encoding="UTF-8"?>
<!-- Generated by org.testng.reporters.JUnitReportReporter -->
<testsuite hostname="Manikanta" failures="0" tests="4" name="testautomationPractice.Tabledata" time="29.046" errors="0" timestamp="2026-02-19T12:51:16 IST" skipped="0">
  <testcase classname="testautomationPractice.Tabledata" name="tableData" time="0.050"/>
  <testcase classname="testautomationPractice.Tabledata" name="tableRow" time="0.036"/>
  <testcase classname="testautomationPractice.Tabledata" name="tableHead" time="8.170"/>
  <testcase classname="testautomationPractice.Tabledata" name="selectBox" time="20.790"/>
</testsuite> <!-- testautomationPractice.Tabledata -->
